<<<<<<< HEAD
7.6.2022, 18:38:14 - INFO - New connected socket [id: a9wk1eV34ECa4bdEAAAC]
7.6.2022, 18:38:14 - INFO - New connected socket [id: CxOQ9NKWAfCWm7zPAAAD]
7.6.2022, 18:38:14 - INFO - Setting socket.userId = null for socket [id: a9wk1eV34ECa4bdEAAAC]
7.6.2022, 18:38:48 - INFO - Socket disconnected [id: undefined]
7.6.2022, 18:38:50 - INFO - New connected socket [id: 41kyuMqiNJbVeKI-AAAF]
7.6.2022, 18:38:50 - INFO - Setting socket.userId = null for socket [id: 41kyuMqiNJbVeKI-AAAF]
7.6.2022, 18:39:29 - INFO - Removing socket.userId for socket [id: 41kyuMqiNJbVeKI-AAAF]
7.6.2022, 18:40:13 - DEBUG - auth.service - login with email: puki@1234
7.6.2022, 18:40:13 - INFO - User login:  | {"_id":"629f1576f3f8b0b814914b96","email":"puki@1234","firstName":"puki","lastName":"puki","isSocial":false,"imgUrl":null}
7.6.2022, 18:40:13 - INFO - Setting socket.userId = 629f1576f3f8b0b814914b96 for socket [id: 41kyuMqiNJbVeKI-AAAF]
7.6.2022, 18:40:22 - INFO - Req was made
7.6.2022, 18:41:19 - ERROR - while finding wap null | {}
7.6.2022, 18:44:02 - INFO - New connected socket [id: ywpZ59EwSHWKDRqzAAAC]
7.6.2022, 18:44:02 - INFO - New connected socket [id: geZ1RqjR39_aTZJgAAAD]
7.6.2022, 18:47:35 - INFO - New connected socket [id: 6P3IW0fDj-9jFO5aAAAF]
7.6.2022, 18:47:36 - INFO - Setting socket.userId = null for socket [id: 6P3IW0fDj-9jFO5aAAAF]
7.6.2022, 18:47:36 - DEBUG - auth.service - login with email: puki@1234
7.6.2022, 18:47:36 - ERROR - while finding wap 629f1763f3f8b0b814914b98 | {}
7.6.2022, 18:47:36 - ERROR - Failed to get wap | {}
7.6.2022, 18:47:36 - INFO - Socket is leaving wapId 629f1763f3f8b0b814914b98 [id: 6P3IW0fDj-9jFO5aAAAF]
7.6.2022, 18:47:37 - ERROR - Failed to Login Invalid username or password
7.6.2022, 18:47:37 - ERROR - while finding wap 629f1763f3f8b0b814914b98 | {}
7.6.2022, 18:48:58 - INFO - New connected socket [id: Z_dS7HR92r1ptBJ5AAAD]
7.6.2022, 18:48:58 - INFO - New connected socket [id: NZstCWgxw7JkVUGNAAAE]
7.6.2022, 18:48:58 - INFO - New connected socket [id: B-4K2QbOwG4zt1V6AAAF]
7.6.2022, 18:49:37 - INFO - New connected socket [id: KKqZb8zmW-LtQKXAAAAB]
7.6.2022, 18:49:38 - DEBUG - auth.service - login with email: puki@1234
7.6.2022, 18:49:38 - INFO - New connected socket [id: oqJc3XB_-Vb6U_S3AAAD]
7.6.2022, 18:49:38 - INFO - Setting socket.userId = null for socket [id: oqJc3XB_-Vb6U_S3AAAD]
7.6.2022, 18:49:38 - INFO - Socket is leaving wapId 629f1763f3f8b0b814914b98 [id: oqJc3XB_-Vb6U_S3AAAD]
7.6.2022, 18:49:38 - INFO - New connected socket [id: x4qATPdiWKiqWQKJAAAF]
7.6.2022, 18:49:40 - ERROR - Failed to Login Invalid username or password
7.6.2022, 18:49:40 - ERROR - while finding wap 629f1763f3f8b0b814914b98 | {}
7.6.2022, 18:51:18 - INFO - New connected socket [id: IhmA3hWOoSrqyGLaAAAD]
7.6.2022, 18:51:18 - INFO - New connected socket [id: A4rMClxCJ9chAflSAAAE]
7.6.2022, 18:51:18 - INFO - New connected socket [id: TZ4bIwjyGx00ZOPlAAAF]
7.6.2022, 18:51:24 - INFO - New connected socket [id: q3qAO50_GeTqYZV2AAAH]
7.6.2022, 18:51:26 - DEBUG - auth.service - login with email: puki@1234
7.6.2022, 18:51:26 - INFO - Setting socket.userId = null for socket [id: q3qAO50_GeTqYZV2AAAH]
7.6.2022, 18:51:33 - ERROR - Failed to Login Invalid username or password
7.6.2022, 18:51:35 - INFO - Req was made
7.6.2022, 19:03:59 - INFO - Socket disconnected [id: undefined]
7.6.2022, 19:13:00 - INFO - Socket disconnected [id: undefined]
7.6.2022, 19:13:02 - INFO - New connected socket [id: T9IZ7FVxTj_x-s8AAAAJ]
7.6.2022, 19:13:03 - DEBUG - auth.service - login with email: puki@1234
7.6.2022, 19:13:03 - INFO - Setting socket.userId = null for socket [id: T9IZ7FVxTj_x-s8AAAAJ]
7.6.2022, 19:13:03 - ERROR - Failed to Login Invalid username or password
7.6.2022, 19:20:27 - INFO - New connected socket [id: pu_enhuAzK7lNBznAAAL]
7.6.2022, 19:20:27 - DEBUG - auth.service - login with email: puki@1234
7.6.2022, 19:20:27 - ERROR - Failed to Login Invalid username or password
7.6.2022, 19:20:27 - INFO - Socket is leaving wapId 629f1763f3f8b0b814914b98 [id: pu_enhuAzK7lNBznAAAL]
7.6.2022, 19:20:27 - INFO - Setting socket.userId = null for socket [id: pu_enhuAzK7lNBznAAAL]
7.6.2022, 19:20:28 - ERROR - while finding wap 629f1763f3f8b0b814914b98 | Cant fined wap
7.6.2022, 19:20:28 - ERROR - Failed to get wap | Cant fined wap
7.6.2022, 19:20:28 - ERROR - while finding wap 629f1763f3f8b0b814914b98 | Cant fined wap
7.6.2022, 19:20:28 - ERROR - Failed to get wap | Cant fined wap
7.6.2022, 19:20:28 - ERROR - while finding wap 629f1763f3f8b0b814914b98 | Cant fined wap
7.6.2022, 19:30:37 - INFO - New connected socket [id: 79ldgCYlQTjd8pjmAAAE]
7.6.2022, 19:30:37 - INFO - New connected socket [id: 1cjl55BAoub41grbAAAF]
7.6.2022, 19:30:38 - INFO - New connected socket [id: a5o3N_Hq5wsdeRDNAAAG]
7.6.2022, 19:30:39 - INFO - New connected socket [id: r6uI6ep1Fnqbfyd0AAAI]
7.6.2022, 19:30:40 - DEBUG - auth.service - login with email: puki@1234
7.6.2022, 19:30:40 - INFO - Setting socket.userId = null for socket [id: r6uI6ep1Fnqbfyd0AAAI]
7.6.2022, 19:30:41 - INFO - Req was made
7.6.2022, 19:30:44 - ERROR - Failed to Login Invalid username or password
7.6.2022, 19:31:12 - INFO - Removing socket.userId for socket [id: r6uI6ep1Fnqbfyd0AAAI]
7.6.2022, 19:31:33 - DEBUG - auth.service - login with email: puki@1234
7.6.2022, 19:31:33 - INFO - User login:  | {"_id":"629f1576f3f8b0b814914b96","email":"puki@1234","firstName":"puki","lastName":"puki","isSocial":false,"imgUrl":null}
7.6.2022, 19:31:33 - INFO - Setting socket.userId = 629f1576f3f8b0b814914b96 for socket [id: r6uI6ep1Fnqbfyd0AAAI]
7.6.2022, 19:31:45 - INFO - Req was made
7.6.2022, 19:32:08 - INFO - Socket disconnected [id: undefined]
7.6.2022, 19:32:10 - INFO - New connected socket [id: T3qVLe3jmbFBcV02AAAK]
7.6.2022, 19:32:10 - INFO - Req was made
7.6.2022, 19:32:10 - INFO - Setting socket.userId = null for socket [id: T3qVLe3jmbFBcV02AAAK]
7.6.2022, 19:32:10 - DEBUG - auth.service - login with email: puki@1234
7.6.2022, 19:32:16 - ERROR - Failed to Login Invalid username or password
7.6.2022, 19:32:38 - INFO - Removing socket.userId for socket [id: T3qVLe3jmbFBcV02AAAK]
7.6.2022, 19:32:47 - DEBUG - auth.service - login with email: puki@1234
7.6.2022, 19:32:48 - INFO - User login:  | {"_id":"629f1576f3f8b0b814914b96","email":"puki@1234","firstName":"puki","lastName":"puki","isSocial":false,"imgUrl":null}
7.6.2022, 19:32:48 - INFO - Setting socket.userId = 629f1576f3f8b0b814914b96 for socket [id: T3qVLe3jmbFBcV02AAAK]
7.6.2022, 19:32:54 - INFO - Req was made
7.6.2022, 19:35:25 - INFO - Req was made
7.6.2022, 19:35:36 - INFO - New connected socket [id: yTe7I84qKTrhdeyoAAAM]
7.6.2022, 19:35:36 - DEBUG - auth.service - login with email: puki@1234
7.6.2022, 19:35:36 - INFO - Setting socket.userId = null for socket [id: yTe7I84qKTrhdeyoAAAM]
7.6.2022, 19:35:36 - INFO - Socket is leaving wapId 629f4cd031e75198e9365d37 [id: yTe7I84qKTrhdeyoAAAM]
7.6.2022, 19:35:36 - ERROR - Failed to Login Invalid username or password
7.6.2022, 19:36:19 - INFO - Socket disconnected [id: undefined]
7.6.2022, 19:48:06 - INFO - Socket disconnected [id: undefined]
7.6.2022, 19:48:08 - INFO - New connected socket [id: bfCo_LBdTSAjSzClAAAO]
7.6.2022, 19:48:09 - DEBUG - auth.service - login with email: puki@1234
7.6.2022, 19:48:10 - INFO - Setting socket.userId = null for socket [id: bfCo_LBdTSAjSzClAAAO]
7.6.2022, 19:48:10 - ERROR - Failed to Login Invalid username or password
7.6.2022, 20:07:00 - INFO - Socket disconnected [id: undefined]
7.6.2022, 20:07:31 - INFO - Socket disconnected [id: undefined]
7.6.2022, 20:52:25 - INFO - Socket disconnected [id: undefined]
7.6.2022, 20:53:46 - INFO - Socket disconnected [id: undefined]
7.6.2022, 20:55:03 - INFO - New connected socket [id: NB-H6Ly5r2armTd5AAAR]
7.6.2022, 20:55:04 - INFO - New connected socket [id: FTWOMA5v_ZChn8_UAAAS]
7.6.2022, 20:55:05 - DEBUG - auth.service - login with email: puki@1234
7.6.2022, 20:55:05 - INFO - Setting socket.userId = null for socket [id: NB-H6Ly5r2armTd5AAAR]
7.6.2022, 20:55:05 - INFO - Setting socket.userId = null for socket [id: FTWOMA5v_ZChn8_UAAAS]
7.6.2022, 20:55:05 - DEBUG - auth.service - login with email: puki@1234
7.6.2022, 20:55:05 - ERROR - Failed to Login Invalid username or password
7.6.2022, 20:55:05 - ERROR - Failed to Login Invalid username or password
7.6.2022, 20:55:27 - INFO - Removing socket.userId for socket [id: FTWOMA5v_ZChn8_UAAAS]
7.6.2022, 20:55:35 - DEBUG - auth.service - login with email: puki@1234
7.6.2022, 20:55:35 - INFO - User login:  | {"_id":"629f1576f3f8b0b814914b96","email":"puki@1234","firstName":"puki","lastName":"puki","isSocial":false,"imgUrl":null}
7.6.2022, 20:55:35 - INFO - Setting socket.userId = 629f1576f3f8b0b814914b96 for socket [id: FTWOMA5v_ZChn8_UAAAS]
7.6.2022, 20:55:45 - INFO - Req was made
7.6.2022, 20:55:51 - INFO - Req was made
7.6.2022, 21:02:03 - INFO - Socket disconnected [id: undefined]
7.6.2022, 21:02:17 - INFO - New connected socket [id: f8-_ZMqTY_3Baar9AAAU]
7.6.2022, 21:02:18 - DEBUG - auth.service - login with email: puki@1234
7.6.2022, 21:02:18 - INFO - Setting socket.userId = null for socket [id: f8-_ZMqTY_3Baar9AAAU]
7.6.2022, 21:02:19 - ERROR - Failed to Login Invalid username or password
7.6.2022, 21:07:42 - INFO - Socket disconnected [id: undefined]
7.6.2022, 21:08:01 - INFO - New connected socket [id: IFfXO1SbB86eXGx_AAAW]
7.6.2022, 21:08:03 - INFO - Setting socket.userId = null for socket [id: IFfXO1SbB86eXGx_AAAW]
7.6.2022, 21:08:04 - DEBUG - auth.service - login with email: puki@1234
7.6.2022, 21:08:04 - ERROR - Failed to Login Invalid username or password
7.6.2022, 23:00:03 - INFO - Socket disconnected [id: undefined]
7.6.2022, 23:00:06 - INFO - New connected socket [id: vkJ-x_kFdpyT3HtSAAAY]
7.6.2022, 23:00:07 - DEBUG - auth.service - login with email: puki@1234
7.6.2022, 23:00:07 - INFO - Setting socket.userId = null for socket [id: vkJ-x_kFdpyT3HtSAAAY]
7.6.2022, 23:00:07 - ERROR - Failed to Login Invalid username or password
7.6.2022, 23:33:33 - INFO - Socket disconnected [id: undefined]
7.6.2022, 23:33:42 - INFO - New connected socket [id: yyfXkkH0Bf4ABnhtAAAa]
7.6.2022, 23:33:43 - DEBUG - auth.service - login with email: puki@1234
7.6.2022, 23:33:43 - INFO - Setting socket.userId = null for socket [id: yyfXkkH0Bf4ABnhtAAAa]
7.6.2022, 23:33:43 - ERROR - Failed to Login Invalid username or password
7.6.2022, 23:56:48 - INFO - Socket disconnected [id: undefined]
7.6.2022, 23:56:50 - INFO - New connected socket [id: Uz2m4tnPSa_9F7ghAAAc]
7.6.2022, 23:56:51 - INFO - Setting socket.userId = null for socket [id: Uz2m4tnPSa_9F7ghAAAc]
7.6.2022, 23:56:51 - DEBUG - auth.service - login with email: puki@1234
7.6.2022, 23:56:51 - ERROR - Failed to Login Invalid username or password
8.6.2022, 0:06:10 - INFO - Socket disconnected [id: undefined]
8.6.2022, 0:15:48 - INFO - New connected socket [id: b8cp5I9fnpZdjYDvAAAe]
8.6.2022, 0:15:49 - DEBUG - auth.service - login with email: puki@1234
8.6.2022, 0:15:49 - INFO - Setting socket.userId = null for socket [id: b8cp5I9fnpZdjYDvAAAe]
8.6.2022, 0:15:49 - ERROR - Failed to Login Invalid username or password
8.6.2022, 0:28:03 - INFO - New connected socket [id: wf6RcIGLVmY21u7dAAAB]
8.6.2022, 0:28:24 - INFO - Socket disconnected [id: undefined]
8.6.2022, 0:29:19 - INFO - New connected socket [id: DMPVHukg595YgRZeAAAD]
8.6.2022, 0:29:20 - DEBUG - auth.service - login with email: puki@1234
8.6.2022, 0:29:20 - INFO - Setting socket.userId = null for socket [id: DMPVHukg595YgRZeAAAD]
8.6.2022, 0:29:21 - ERROR - Failed to Login Invalid username or password
8.6.2022, 0:30:24 - INFO - Req was made
8.6.2022, 0:31:56 - INFO - Socket disconnected [id: undefined]
8.6.2022, 0:31:59 - INFO - New connected socket [id: pJjW-hnQrCe35uBPAAAF]
8.6.2022, 0:31:59 - INFO - Req was made
8.6.2022, 0:31:59 - INFO - Setting socket.userId = null for socket [id: pJjW-hnQrCe35uBPAAAF]
8.6.2022, 0:32:12 - INFO - Socket disconnected [id: undefined]
8.6.2022, 0:32:15 - INFO - New connected socket [id: yl4FdyZ2Qv8H16v_AAAH]
8.6.2022, 0:32:15 - INFO - Req was made
8.6.2022, 0:32:15 - INFO - Setting socket.userId = null for socket [id: yl4FdyZ2Qv8H16v_AAAH]
8.6.2022, 0:32:44 - INFO - Removing socket.userId for socket [id: yl4FdyZ2Qv8H16v_AAAH]
8.6.2022, 0:32:51 - DEBUG - auth.service - login with email: puki@1234
8.6.2022, 0:32:51 - INFO - User login:  | {"_id":"629f1576f3f8b0b814914b96","email":"puki@1234","firstName":"puki","lastName":"puki","isSocial":false,"imgUrl":null}
8.6.2022, 0:32:51 - INFO - Setting socket.userId = 629f1576f3f8b0b814914b96 for socket [id: yl4FdyZ2Qv8H16v_AAAH]
8.6.2022, 0:33:04 - INFO - Socket disconnected [id: undefined]
8.6.2022, 0:33:08 - INFO - New connected socket [id: FQ8JMOr9qA7b_k15AAAJ]
8.6.2022, 0:33:09 - INFO - Setting socket.userId = null for socket [id: FQ8JMOr9qA7b_k15AAAJ]
8.6.2022, 0:33:09 - DEBUG - auth.service - login with email: puki@1234
8.6.2022, 0:33:10 - ERROR - Failed to Login Invalid username or password
8.6.2022, 0:33:20 - INFO - Removing socket.userId for socket [id: FQ8JMOr9qA7b_k15AAAJ]
8.6.2022, 0:33:43 - DEBUG - auth.service - login with email: puki@1234
8.6.2022, 0:33:43 - INFO - User login:  | {"_id":"629f1576f3f8b0b814914b96","email":"puki@1234","firstName":"puki","lastName":"puki","isSocial":false,"imgUrl":null}
8.6.2022, 0:33:43 - INFO - Setting socket.userId = 629f1576f3f8b0b814914b96 for socket [id: FQ8JMOr9qA7b_k15AAAJ]
8.6.2022, 0:37:26 - INFO - Req was made
8.6.2022, 0:40:52 - INFO - Socket disconnected [id: undefined]
8.6.2022, 0:40:57 - INFO - New connected socket [id: 1cThTZufHznackuIAAAL]
8.6.2022, 0:40:58 - INFO - Setting socket.userId = 629f1576f3f8b0b814914b96 for socket [id: 1cThTZufHznackuIAAAL]
8.6.2022, 0:40:58 - DEBUG - auth.service - login with email: puki@1234
8.6.2022, 0:41:02 - ERROR - Failed to Login Invalid username or password
8.6.2022, 0:44:04 - INFO - Socket disconnected [id: undefined]
8.6.2022, 0:44:08 - INFO - New connected socket [id: -o_HcW945k3O-SN5AAAN]
8.6.2022, 0:44:09 - INFO - Setting socket.userId = null for socket [id: -o_HcW945k3O-SN5AAAN]
8.6.2022, 0:44:09 - DEBUG - auth.service - login with email: puki@1234
8.6.2022, 0:44:10 - ERROR - Failed to Login Invalid username or password
8.6.2022, 0:46:12 - INFO - Socket disconnected [id: undefined]
8.6.2022, 0:46:16 - INFO - New connected socket [id: oq_3d5XZQNpfonG3AAAP]
8.6.2022, 0:46:17 - INFO - Setting socket.userId = null for socket [id: oq_3d5XZQNpfonG3AAAP]
8.6.2022, 0:46:18 - DEBUG - auth.service - login with email: puki@1234
8.6.2022, 0:46:18 - ERROR - Failed to Login Invalid username or password
8.6.2022, 0:47:41 - INFO - Socket disconnected [id: undefined]
8.6.2022, 0:47:47 - INFO - New connected socket [id: AaG7-zzzj5eiUaq4AAAR]
8.6.2022, 0:47:49 - DEBUG - auth.service - login with email: puki@1234
8.6.2022, 0:47:50 - INFO - Setting socket.userId = null for socket [id: AaG7-zzzj5eiUaq4AAAR]
8.6.2022, 0:47:50 - ERROR - Failed to Login Invalid username or password
8.6.2022, 2:20:51 - INFO - Socket disconnected [id: undefined]
18.6.2022, 17:51:57 - INFO - New connected socket [id: oSlY90h3FDU88pxRAAAB]
18.6.2022, 17:51:57 - INFO - Setting socket.userId = null for socket [id: oSlY90h3FDU88pxRAAAB]
18.6.2022, 18:00:34 - INFO - Removing socket.userId for socket [id: oSlY90h3FDU88pxRAAAB]
18.6.2022, 18:08:55 - INFO - Socket disconnected [id: undefined]
18.6.2022, 18:08:57 - INFO - New connected socket [id: Xk1So3K4s00ztmZIAAAD]
18.6.2022, 18:08:58 - INFO - Setting socket.userId = null for socket [id: Xk1So3K4s00ztmZIAAAD]
18.6.2022, 18:09:46 - INFO - Socket disconnected [id: undefined]
18.6.2022, 18:09:48 - INFO - New connected socket [id: gAgjTLBahNahQpYHAAAF]
18.6.2022, 18:09:56 - INFO - Socket disconnected [id: undefined]
18.6.2022, 18:09:58 - INFO - New connected socket [id: ud44MtAKPru_PKChAAAH]
18.6.2022, 18:09:59 - INFO - Setting socket.userId = null for socket [id: ud44MtAKPru_PKChAAAH]
18.6.2022, 18:12:25 - INFO - Socket disconnected [id: undefined]
18.6.2022, 18:12:26 - INFO - New connected socket [id: SoFwJPDEK0f7jEV3AAAJ]
18.6.2022, 18:12:40 - INFO - Socket disconnected [id: undefined]
18.6.2022, 18:12:44 - INFO - New connected socket [id: Dq0mpGFhb1PN4IrdAAAL]
18.6.2022, 18:17:31 - INFO - Socket disconnected [id: undefined]
18.6.2022, 18:17:33 - INFO - New connected socket [id: ELBft7YDOHEvtdh-AAAN]
18.6.2022, 18:17:37 - INFO - Socket disconnected [id: undefined]
18.6.2022, 18:17:38 - INFO - New connected socket [id: E4ESTQJ1IY6sdL8JAAAP]
18.6.2022, 18:21:51 - INFO - Socket disconnected [id: undefined]
18.6.2022, 18:21:53 - INFO - New connected socket [id: vUL7K--v8TDYbJl0AAAR]
18.6.2022, 18:30:25 - INFO - Socket disconnected [id: undefined]
18.6.2022, 18:31:24 - INFO - New connected socket [id: qzYo0BbYDzaU_i7eAAAT]
18.6.2022, 18:31:35 - INFO - Wap was edit by socket [id: qzYo0BbYDzaU_i7eAAAT], emitting to wapId null
18.6.2022, 18:31:37 - INFO - Wap was edit by socket [id: qzYo0BbYDzaU_i7eAAAT], emitting to wapId null
18.6.2022, 18:31:41 - INFO - Wap was edit by socket [id: qzYo0BbYDzaU_i7eAAAT], emitting to wapId null
18.6.2022, 18:31:52 - INFO - Wap was edit by socket [id: qzYo0BbYDzaU_i7eAAAT], emitting to wapId null
18.6.2022, 18:31:56 - INFO - Wap was edit by socket [id: qzYo0BbYDzaU_i7eAAAT], emitting to wapId null
18.6.2022, 18:42:15 - INFO - New connected socket [id: yeq2UbZOK3xZebUYAAAV]
18.6.2022, 18:53:35 - INFO - Socket disconnected [id: undefined]
18.6.2022, 19:05:01 - INFO - Socket disconnected [id: undefined]
18.6.2022, 19:36:43 - INFO - New connected socket [id: UVj-ZF7eC-CI33oiAAAX]
18.6.2022, 20:09:46 - INFO - Socket disconnected [id: undefined]
18.6.2022, 20:52:34 - INFO - New connected socket [id: kHk2DsJryDVP-KVIAAAZ]
18.6.2022, 20:52:34 - INFO - Setting socket.userId = 629f1576f3f8b0b814914b96 for socket [id: kHk2DsJryDVP-KVIAAAZ]
18.6.2022, 23:03:38 - INFO - Socket disconnected [id: undefined]
25.10.2022, 14:56:00 - INFO - New connected socket [id: bvwbQROkmy4yoY_5AAAB]
25.10.2022, 14:56:27 - INFO - Socket disconnected [id: undefined]
=======
6/8/2022, 12:29:23 AM - INFO - New connected socket [id: e9f8D6weRX1w9V2EAAAB]
6/8/2022, 12:29:23 AM - INFO - Setting socket.userId = null for socket [id: e9f8D6weRX1w9V2EAAAB]
6/8/2022, 12:29:24 AM - INFO - New connected socket [id: blndBIKNjyJNcZyuAAAD]
6/8/2022, 12:30:02 AM - INFO - Wap was edit by socket [id: e9f8D6weRX1w9V2EAAAB], emitting to wapId null
6/8/2022, 12:30:04 AM - INFO - Socket disconnected [id: undefined]
>>>>>>> 301da3fcd64d8b8e9e785e50a4cb4faad1503d97
